[12Aug2025 00:17:15.558] [Server thread/INFO] [net.minecraft.server.MinecraftServer/]: [Not Secure] <lol> innnnsolito
[12Aug2025 00:20:32.905] [Server thread/INFO] [net.minecraft.server.network.ServerGamePacketListenerImpl/]: lol lost connection: Disconnected
[12Aug2025 00:20:32.905] [Server thread/INFO] [net.minecraft.server.MinecraftServer/]: lol left the game
[12Aug2025 00:20:32.959] [Server thread/WARN] [net.minecraft.network.Connection/]: handleDisconnection() called twice
[12Aug2025 00:20:49.868] [Server thread/INFO] [net.minecraft.server.players.PlayerList/]: lol[/127.1.26.204:58269] logged in with entity id 25346 at (669.3638723293884, 85.0, 217.3739341224559)
[12Aug2025 00:20:49.875] [Server thread/INFO] [net.minecraft.server.MinecraftServer/]: lol joined the game
[12Aug2025 00:39:48.515] [Server thread/INFO] [net.minecraft.server.MinecraftServer/]: [Not Secure] <Morangg> ahi va
[12Aug2025 00:39:56.958] [Server thread/INFO] [net.minecraft.server.MinecraftServer/]: [Not Secure] <lol> bardea a tu hermano
[12Aug2025 00:40:05.813] [Server thread/INFO] [net.minecraft.server.MinecraftServer/]: [Not Secure] <lol> ESTANDO VO ACÁ
[12Aug2025 00:43:21.510] [Server thread/INFO] [net.minecraft.server.MinecraftServer/]: [Not Secure] <lol> 2761
[12Aug2025 00:59:49.910] [Server thread/INFO] [net.minecraft.server.MinecraftServer/]: lol has made the advancement [Ice Bucket Challenge]
[12Aug2025 01:00:05.119] [Server thread/INFO] [net.minecraft.server.network.ServerGamePacketListenerImpl/]: Morangg lost connection: Disconnected
[12Aug2025 01:00:05.119] [Server thread/INFO] [net.minecraft.server.MinecraftServer/]: Morangg left the game
[12Aug2025 01:11:59.014] [Server thread/INFO] [net.minecraft.server.MinecraftServer/]: lol has made the advancement [Enchanter]
[12Aug2025 01:19:47.269] [Server thread/INFO] [net.minecraft.server.players.PlayerList/]: Morangg[/127.157.203.231:42129] logged in with entity id 187065 at (648.1752663468931, 96.0, 258.5357891882025)
[12Aug2025 01:19:47.276] [Server thread/INFO] [net.minecraft.server.MinecraftServer/]: Morangg joined the game
[12Aug2025 01:20:27.158] [Server thread/INFO] [net.minecraft.server.network.ServerGamePacketListenerImpl/]: lol lost connection: Disconnected
[12Aug2025 01:20:27.158] [Server thread/INFO] [net.minecraft.server.MinecraftServer/]: lol left the game
[12Aug2025 01:20:34.783] [Server thread/WARN] [net.minecraft.server.level.ServerPlayerGameMode/]: Mismatch in destroy block pos: BlockPos{x=671, y=92, z=253} BlockPos{x=670, y=90, z=253}
[12Aug2025 01:37:09.972] [Server thread/INFO] [net.minecraft.server.players.PlayerList/]: lol[/127.1.26.204:46905] logged in with entity id 241732 at (669.7554523485829, 90.0, 260.4897924805745)
[12Aug2025 01:37:09.977] [Server thread/INFO] [net.minecraft.server.MinecraftServer/]: lol joined the game
[12Aug2025 01:38:40.922] [Server thread/INFO] [net.minecraft.server.players.PlayerList/]: natasha[/127.57.230.156:59197] logged in with entity id 246403 at (659.5145596183729, 86.0, 274.3105730884356)
[12Aug2025 01:38:40.928] [Server thread/INFO] [net.minecraft.server.MinecraftServer/]: natasha joined the game
[12Aug2025 01:40:43.787] [Server thread/INFO] [net.minecraft.server.MinecraftServer/]: [Not Secure] <natasha> ya solto mi espada ;C
[12Aug2025 01:40:47.863] [Server thread/INFO] [net.minecraft.server.MinecraftServer/]: [Not Secure] <natasha> ??
[12Aug2025 01:41:08.764] [Server thread/INFO] [net.minecraft.server.MinecraftServer/]: [Not Secure] <natasha> che y este muro ??
[12Aug2025 01:41:17.837] [Server thread/INFO] [net.minecraft.server.MinecraftServer/]: [Not Secure] <natasha> estuvo trump aca o que
[12Aug2025 01:41:25.733] [Server thread/INFO] [net.minecraft.server.MinecraftServer/]: [Not Secure] <Morangg> es el helipuerto
[12Aug2025 01:41:34.661] [Server thread/INFO] [net.minecraft.server.MinecraftServer/]: [Not Secure] <natasha> a chiquita
[12Aug2025 01:48:28.814] [Server thread/INFO] [net.minecraft.server.MinecraftServer/]: [Not Secure] <natasha> sigo esperando el ascensor
[12Aug2025 01:48:35.282] [Server thread/INFO] [net.minecraft.server.MinecraftServer/]: [Not Secure] <natasha> me siento una cabra
[12Aug2025 01:48:46.986] [Server thread/INFO] [net.minecraft.server.MinecraftServer/]: [Not Secure] <Morangg> veni a donde estoy yo
[12Aug2025 01:49:10.288] [Server thread/INFO] [net.minecraft.server.MinecraftServer/]: [Not Secure] <natasha> shi ;)
[12Aug2025 01:49:27.364] [Server thread/INFO] [net.minecraft.server.MinecraftServer/]: [Not Secure] <natasha> no a la violencia
[12Aug2025 01:49:56.223] [Server thread/INFO] [net.minecraft.server.MinecraftServer/]: [Not Secure] <Morangg> veni
[12Aug2025 01:50:11.331] [Server thread/INFO] [net.minecraft.server.MinecraftServer/]: [Not Secure] <natasha> naaaaaaaaa
[12Aug2025 01:50:18.179] [Server thread/INFO] [net.minecraft.server.MinecraftServer/]: [Not Secure] <Morangg> esta lento pero estoy en eso
[12Aug2025 01:50:27.917] [Server thread/INFO] [net.minecraft.server.MinecraftServer/]: [Not Secure] <natasha> epicop
[12Aug2025 01:50:35.613] [Server thread/INFO] [net.minecraft.server.MinecraftServer/]: [Not Secure] <Morangg> cambias el piso con la rueda del mouse
[12Aug2025 01:54:07.134] [Server thread/INFO] [net.minecraft.server.MinecraftServer/]: [Not Secure] <natasha> tenes un librito ?
[12Aug2025 01:54:14.915] [Server thread/INFO] [net.minecraft.server.MinecraftServer/]: [Not Secure] <Morangg> no
[12Aug2025 01:54:34.967] [Server thread/INFO] [net.minecraft.server.MinecraftServer/]: [Not Secure] <natasha> si escucho
[12Aug2025 01:54:46.911] [Server thread/INFO] [net.minecraft.server.MinecraftServer/]: [Not Secure] <natasha> graciela
[12Aug2025 01:55:41.013] [Server thread/INFO] [net.minecraft.server.MinecraftServer/]: [Not Secure] <Morangg> cine
[12Aug2025 01:55:41.181] [Server thread/INFO] [net.minecraft.server.MinecraftServer/]: [Not Secure] <lol> y sigue
[12Aug2025 01:58:39.371] [Server thread/INFO] [net.minecraft.server.MinecraftServer/]: [Not Secure] <natasha> el yunque esta por quedarla
[12Aug2025 02:00:22.225] [Server thread/INFO] [net.minecraft.server.MinecraftServer/]: [Not Secure] <lol> xd
[12Aug2025 02:00:34.961] [Server thread/INFO] [net.minecraft.server.MinecraftServer/]: [Not Secure] <Morangg> xd
[12Aug2025 02:02:55.124] [Server thread/INFO] [net.minecraft.server.MinecraftServer/]: [Not Secure] <natasha> che mono de mierda se cura y no te deja pegarle
[12Aug2025 02:03:07.532] [Server thread/INFO] [net.minecraft.server.MinecraftServer/]: [Not Secure] <Morangg> vs te dejarias pegar??
[12Aug2025 02:04:00.524] [Server thread/INFO] [net.minecraft.server.MinecraftServer/]: natasha has made the advancement [Return to Monke]
[12Aug2025 02:04:13.979] [Server thread/INFO] [net.minecraft.server.MinecraftServer/]: [Not Secure] <natasha> y para q sirve esto?
[12Aug2025 02:04:23.629] [Server thread/INFO] [net.minecraft.server.MinecraftServer/]: [Not Secure] <natasha> a
[12Aug2025 02:04:42.873] [Server thread/INFO] [net.minecraft.server.MinecraftServer/]: [Not Secure] <natasha> no hay cofres aca?
[12Aug2025 02:04:51.919] [Server thread/INFO] [net.minecraft.server.MinecraftServer/]: [Not Secure] <natasha> en lo del monito
[12Aug2025 02:07:05.477] [Server thread/INFO] [net.minecraft.server.MinecraftServer/]: [Not Secure] <natasha> esta denso el nene
[12Aug2025 02:07:18.172] [Server thread/INFO] [net.minecraft.server.MinecraftServer/]: [Not Secure] <lol> no entiendo porque eso
[12Aug2025 02:07:23.826] [Server thread/INFO] [net.minecraft.server.MinecraftServer/]: [Not Secure] <lol> es un lore de ustedes?
[12Aug2025 02:08:07.079] [Server thread/INFO] [net.minecraft.server.MinecraftServer/]: [Not Secure] <natasha> sigue dolido
[12Aug2025 02:08:36.590] [Server thread/INFO] [net.minecraft.server.MinecraftServer/]: [Not Secure] <Morangg> se hizo vitalicio
[12Aug2025 02:10:36.639] [Server thread/INFO] [net.minecraft.server.MinecraftServer/]: [Not Secure] <lol> por?
[12Aug2025 02:11:36.279] [Server thread/INFO] [net.minecraft.server.MinecraftServer/]: [Not Secure] <natasha> che y el agua esa
[12Aug2025 02:11:44.885] [Server thread/INFO] [net.minecraft.server.MinecraftServer/]: [Not Secure] <Morangg> ya va
[12Aug2025 02:12:31.585] [Server thread/INFO] [net.minecraft.server.MinecraftServer/]: [Not Secure] <natasha> nope
[12Aug2025 02:13:27.365] [Server thread/INFO] [net.minecraft.server.MinecraftServer/]: [Not Secure] <natasha> aca hay una vaca
[12Aug2025 02:14:20.734] [Server thread/INFO] [net.minecraft.server.MinecraftServer/]: [Not Secure] <natasha> viste a fedesaurio?
[12Aug2025 02:14:34.363] [Server thread/INFO] [net.minecraft.server.MinecraftServer/]: [Not Secure] <Morangg> estaba por ahi
[12Aug2025 02:18:04.770] [Server thread/INFO] [net.minecraft.server.MinecraftServer/]: [Not Secure] <natasha> es q sabia q ibas a subiir
[12Aug2025 02:18:19.669] [Server thread/INFO] [net.minecraft.server.MinecraftServer/]: [Not Secure] <natasha> exacto
[12Aug2025 02:18:38.523] [Server thread/INFO] [net.minecraft.server.MinecraftServer/]: [Not Secure] <natasha> es q no encuentro a fedesaurio ;/(
[12Aug2025 02:19:07.582] [Server thread/INFO] [net.minecraft.server.MinecraftServer/]: [Not Secure] <natasha> aca
[12Aug2025 02:20:26.131] [Server thread/INFO] [net.minecraft.server.MinecraftServer/]: [Not Secure] <natasha> to9ma
[12Aug2025 02:20:51.665] [Server thread/INFO] [net.minecraft.server.MinecraftServer/]: [Not Secure] <natasha> q es?
[12Aug2025 02:21:04.113] [Server thread/INFO] [net.minecraft.server.MinecraftServer/]: [Not Secure] <natasha> y para que tanta piedra
[12Aug2025 02:21:13.615] [Server thread/INFO] [net.minecraft.server.MinecraftServer/]: [Not Secure] <natasha> a
